This file contains any messages produced by compilers while
running configure, to aid debugging if configure makes a mistake.

It was created by LibVNCServer configure 0.9.7, which was
generated by GNU Autoconf 2.59.  Invocation command line was

  $ ./configure 

## --------- ##
## Platform. ##
## --------- ##

hostname = christian-laptop
uname -m = arm
uname -r = 2.6.31-22-generic
uname -s = Linux
uname -v = #60-Ubuntu SMP Thu May 27 00:22:23 UTC 2010

/usr/bin/uname -p = unknown
/bin/uname -X     = unknown

/bin/arch              = arm
/usr/bin/arch -k       = arm
/usr/convex/getsysinfo = unknown
hostinfo               = unknown
/bin/machine           = unknown
/usr/bin/oslevel       = unknown
/bin/universe          = unknown

PATH: /host_usr/bin
PATH: /scratchbox/devkits/qemu/bin
PATH: /scratchbox/tools/bin
PATH: /targets/links/arch_tools/bin
PATH: /scratchbox/compilers/bin
PATH: /bin
PATH: /usr/bin
PATH: /usr/local/bin
PATH: /usr/X11R6/bin
PATH: /sbin
PATH: /usr/sbin


## ----------- ##
## Core tests. ##
## ----------- ##

configure:1587: checking for a BSD-compatible install
configure:1642: result: /scratchbox/tools/bin/install -c
configure:1653: checking whether build environment is sane

## ---------------- ##
## Cache variables. ##
## ---------------- ##

ac_cv_env_CC_set=
ac_cv_env_CC_value=
ac_cv_env_CFLAGS_set=
ac_cv_env_CFLAGS_value=
ac_cv_env_CPPFLAGS_set=
ac_cv_env_CPPFLAGS_value=
ac_cv_env_CPP_set=
ac_cv_env_CPP_value=
ac_cv_env_CXXCPP_set=
ac_cv_env_CXXCPP_value=
ac_cv_env_CXXFLAGS_set=
ac_cv_env_CXXFLAGS_value=
ac_cv_env_CXX_set=
ac_cv_env_CXX_value=
ac_cv_env_F77_set=
ac_cv_env_F77_value=
ac_cv_env_FFLAGS_set=
ac_cv_env_FFLAGS_value=
ac_cv_env_LDFLAGS_set=
ac_cv_env_LDFLAGS_value=
ac_cv_env_build_alias_set=
ac_cv_env_build_alias_value=
ac_cv_env_host_alias_set=
ac_cv_env_host_alias_value=
ac_cv_env_target_alias_set=
ac_cv_env_target_alias_value=
ac_cv_path_install='/scratchbox/tools/bin/install -c'

## ----------------- ##
## Output variables. ##
## ----------------- ##

ACLOCAL=''
AMDEPBACKSLASH=''
AMDEP_FALSE=''
AMDEP_TRUE=''
AMTAR=''
AR=''
AUTOCONF=''
AUTOHEADER=''
AUTOMAKE=''
AVAHI_CFLAGS=''
AVAHI_LIBS=''
AWK=''
CC=''
CCDEPMODE=''
CFLAGS=''
CPP=''
CPPFLAGS=''
CRYPT_LIBS=''
CXX=''
CXXCPP=''
CXXDEPMODE=''
CXXFLAGS=''
CYGIPC_FALSE=''
CYGIPC_TRUE=''
CYGPATH_W=''
DEFS=''
DEPDIR=''
ECHO='echo'
ECHO_C=''
ECHO_N='-n'
ECHO_T=''
EGREP=''
EXEEXT=''
F77=''
FFLAGS=''
HAVE_LIBJPEG_FALSE=''
HAVE_LIBJPEG_TRUE=''
HAVE_LIBPTHREAD_FALSE=''
HAVE_LIBPTHREAD_TRUE=''
HAVE_LIBSDL_FALSE=''
HAVE_LIBSDL_TRUE=''
HAVE_LIBZ_FALSE=''
HAVE_LIBZ_TRUE=''
HAVE_MP3LAME_FALSE=''
HAVE_MP3LAME_TRUE=''
HAVE_RPM_FALSE=''
HAVE_RPM_TRUE=''
HAVE_SYSTEM_LIBVNCSERVER_FALSE=''
HAVE_SYSTEM_LIBVNCSERVER_TRUE=''
HAVE_X_FALSE=''
HAVE_X_TRUE=''
INSTALL_DATA='${INSTALL} -m 644'
INSTALL_PROGRAM='${INSTALL}'
INSTALL_SCRIPT='${INSTALL}'
INSTALL_STRIP_PROGRAM=''
LDFLAGS=''
LIBOBJS=''
LIBS=''
LIBTOOL='/targets/links/arch_tools/bin/libtool'
LINUX_FALSE=''
LINUX_TRUE=''
LN_S=''
LTLIBOBJS=''
MAKEINFO=''
MINGW_FALSE=''
MINGW_TRUE=''
OBJEXT=''
OSX_FALSE=''
OSX_TRUE=''
PACKAGE=''
PACKAGE_BUGREPORT='http://sourceforge.net/projects/libvncserver'
PACKAGE_NAME='LibVNCServer'
PACKAGE_STRING='LibVNCServer 0.9.7'
PACKAGE_TARNAME='libvncserver'
PACKAGE_VERSION='0.9.7'
PATH_SEPARATOR=':'
RANLIB=''
RPMSOURCEDIR=''
SDL_CFLAGS=''
SDL_LIBS=''
SET_MAKE=''
SHELL='/bin/sh'
SSL_LIBS=''
STRIP=''
SYSTEM_LIBVNCSERVER_CFLAGS=''
SYSTEM_LIBVNCSERVER_LIBS=''
VERSION=''
WITH_FFMPEG_FALSE=''
WITH_FFMPEG_TRUE=''
WITH_TIGHTVNC_FILETRANSFER_FALSE=''
WITH_TIGHTVNC_FILETRANSFER_TRUE=''
WITH_X11VNC_FALSE=''
WITH_X11VNC_TRUE=''
WSOCKLIB=''
X_CFLAGS=''
X_EXTRA_LIBS=''
X_LIBS=''
X_PRE_LIBS=''
ac_ct_AR=''
ac_ct_CC=''
ac_ct_CXX=''
ac_ct_F77=''
ac_ct_RANLIB=''
ac_ct_STRIP=''
am__fastdepCC_FALSE=''
am__fastdepCC_TRUE=''
am__fastdepCXX_FALSE=''
am__fastdepCXX_TRUE=''
am__include=''
am__leading_dot=''
am__quote=''
am__tar=''
am__untar=''
bindir='${exec_prefix}/bin'
build=''
build_alias=''
build_cpu=''
build_os=''
build_vendor=''
datadir='${prefix}/share'
exec_prefix='NONE'
host=''
host_alias=''
host_cpu=''
host_os=''
host_vendor=''
includedir='${prefix}/include'
infodir='${prefix}/info'
install_sh=''
libdir='${exec_prefix}/lib'
libexecdir='${exec_prefix}/libexec'
localstatedir='${prefix}/var'
mandir='${prefix}/man'
mkdir_p=''
oldincludedir='/usr/include'
prefix='NONE'
program_transform_name='s,x,x,'
sbindir='${exec_prefix}/sbin'
sharedstatedir='${prefix}/com'
sysconfdir='${prefix}/etc'
target_alias=''
with_ffmpeg=''

## ----------- ##
## confdefs.h. ##
## ----------- ##

#define PACKAGE_BUGREPORT "http://sourceforge.net/projects/libvncserver"
#define PACKAGE_NAME "LibVNCServer"
#define PACKAGE_STRING "LibVNCServer 0.9.7"
#define PACKAGE_TARNAME "libvncserver"
#define PACKAGE_VERSION "0.9.7"

configure: caught signal 2
configure: exit 1
